Compiled jquery.js  (3ms)  (pid 9168)
Compiled jquery_ujs.js  (1ms)  (pid 9168)
Compiled bootstrap-transition.js  (1ms)  (pid 9168)
Compiled bootstrap-affix.js  (0ms)  (pid 9168)
Compiled bootstrap-alert.js  (0ms)  (pid 9168)
Compiled bootstrap-button.js  (0ms)  (pid 9168)
Compiled bootstrap-carousel.js  (0ms)  (pid 9168)
Compiled bootstrap-collapse.js  (1ms)  (pid 9168)
Compiled bootstrap-dropdown.js  (1ms)  (pid 9168)
Compiled bootstrap-modal.js  (0ms)  (pid 9168)
Compiled bootstrap-scrollspy.js  (0ms)  (pid 9168)
Compiled bootstrap-tab.js  (1ms)  (pid 9168)
Compiled bootstrap-tooltip.js  (0ms)  (pid 9168)
Compiled bootstrap-popover.js  (0ms)  (pid 9168)
Compiled bootstrap-typeahead.js  (1ms)  (pid 9168)
Compiled bootstrap.js  (282ms)  (pid 9168)
Compiled like_handlers.js  (0ms)  (pid 9168)
Compiled navigating.js  (0ms)  (pid 9168)
Compiled sessions.js  (338ms)  (pid 9168)
Compiled static_pages.js  (135ms)  (pid 9168)
Compiled switch.js  (0ms)  (pid 9168)
Compiled users.js  (127ms)  (pid 9168)
Compiled application.js  (1059ms)  (pid 9168)
Compiled jquery.js  (18ms)  (pid 6820)
Compiled jquery_ujs.js  (0ms)  (pid 6820)
Compiled bootstrap-transition.js  (1ms)  (pid 6820)
Compiled bootstrap-affix.js  (0ms)  (pid 6820)
Compiled bootstrap-alert.js  (0ms)  (pid 6820)
Compiled bootstrap-button.js  (0ms)  (pid 6820)
Compiled bootstrap-carousel.js  (0ms)  (pid 6820)
Compiled bootstrap-collapse.js  (0ms)  (pid 6820)
Compiled bootstrap-dropdown.js  (0ms)  (pid 6820)
Compiled bootstrap-modal.js  (1ms)  (pid 6820)
Compiled bootstrap-scrollspy.js  (0ms)  (pid 6820)
Compiled bootstrap-tab.js  (0ms)  (pid 6820)
Compiled bootstrap-tooltip.js  (0ms)  (pid 6820)
Compiled bootstrap-popover.js  (0ms)  (pid 6820)
Compiled bootstrap-typeahead.js  (1ms)  (pid 6820)
Compiled bootstrap.js  (161ms)  (pid 6820)
Compiled like_handlers.js  (0ms)  (pid 6820)
Compiled navigating.js  (0ms)  (pid 6820)
Compiled sessions.js  (175ms)  (pid 6820)
Compiled static_pages.js  (136ms)  (pid 6820)
Compiled switch.js  (0ms)  (pid 6820)
Compiled users.js  (177ms)  (pid 6820)
Compiled application.js  (770ms)  (pid 6820)
Compiled jquery.js  (19ms)  (pid 8424)
Compiled jquery_ujs.js  (0ms)  (pid 8424)
Compiled bootstrap-transition.js  (0ms)  (pid 8424)
Compiled bootstrap-affix.js  (0ms)  (pid 8424)
Compiled bootstrap-alert.js  (1ms)  (pid 8424)
Compiled bootstrap-button.js  (1ms)  (pid 8424)
Compiled bootstrap-carousel.js  (1ms)  (pid 8424)
Compiled bootstrap-collapse.js  (0ms)  (pid 8424)
Compiled bootstrap-dropdown.js  (0ms)  (pid 8424)
Compiled bootstrap-modal.js  (0ms)  (pid 8424)
Compiled bootstrap-scrollspy.js  (0ms)  (pid 8424)
Compiled bootstrap-tab.js  (1ms)  (pid 8424)
Compiled bootstrap-tooltip.js  (0ms)  (pid 8424)
Compiled bootstrap-popover.js  (1ms)  (pid 8424)
Compiled bootstrap-typeahead.js  (0ms)  (pid 8424)
Compiled bootstrap.js  (159ms)  (pid 8424)
Compiled like_handlers.js  (0ms)  (pid 8424)
Compiled navigating.js  (0ms)  (pid 8424)
Compiled sessions.js  (172ms)  (pid 8424)
Compiled static_pages.js  (135ms)  (pid 8424)
Compiled switch.js  (0ms)  (pid 8424)
Compiled users.js  (124ms)  (pid 8424)
Compiled application.js  (701ms)  (pid 8424)
Compiled jquery.js  (19ms)  (pid 6792)
Compiled jquery_ujs.js  (0ms)  (pid 6792)
Compiled bootstrap-transition.js  (1ms)  (pid 6792)
Compiled bootstrap-affix.js  (0ms)  (pid 6792)
Compiled bootstrap-alert.js  (0ms)  (pid 6792)
Compiled bootstrap-button.js  (0ms)  (pid 6792)
Compiled bootstrap-carousel.js  (0ms)  (pid 6792)
Compiled bootstrap-collapse.js  (0ms)  (pid 6792)
Compiled bootstrap-dropdown.js  (1ms)  (pid 6792)
Compiled bootstrap-modal.js  (0ms)  (pid 6792)
Compiled bootstrap-scrollspy.js  (0ms)  (pid 6792)
Compiled bootstrap-tab.js  (0ms)  (pid 6792)
Compiled bootstrap-tooltip.js  (0ms)  (pid 6792)
Compiled bootstrap-popover.js  (1ms)  (pid 6792)
Compiled bootstrap-typeahead.js  (0ms)  (pid 6792)
Compiled bootstrap.js  (167ms)  (pid 6792)
Compiled like_handlers.js  (1ms)  (pid 6792)
Compiled navigating.js  (0ms)  (pid 6792)
Compiled sessions.js  (177ms)  (pid 6792)
Compiled static_pages.js  (132ms)  (pid 6792)
Compiled switch.js  (0ms)  (pid 6792)
Compiled users.js  (122ms)  (pid 6792)
Compiled application.js  (735ms)  (pid 6792)
